<?xml version="1.0" encoding="UTF-8"?>
<testsuite xmlns:xsi="http://www.w3.org/2001/XMLSchema-instance" xsi:noNamespaceSchemaLocation="https://maven.apache.org/surefire/maven-surefire-plugin/xsd/surefire-test-report-3.0.xsd" version="3.0" name="com.example.Papa_Ak_bot.PapaAkBotApplicationTests" time="3.591" tests="1" errors="0" skipped="0" failures="0">
  <properties>
[...]
</properties>
  <testcase name="contextLoads" classname="com.example.Papa_Ak_bot.PapaAkBotApplicationTests" time="1.491">
    <system-out><![CDATA[23:02:17.550 [main] INFO org.springframework.test.context.support.AnnotationConfigContextLoaderUtils -- Could not detect default configuration classes for test class [com.example.Papa_Ak_bot.PapaAkBotApplicationTests]: PapaAkBotApplicationTests does not declare any static, non-private, non-final, nested classes annotated with @Configuration.
23:02:17.742 [main] INFO org.springframework.boot.test.context.SpringBootTestContextBootstrapper -- Found @SpringBootConfiguration com.example.Papa_Ak_bot.PapaAkBotApplication for test class com.example.Papa_Ak_bot.PapaAkBotApplicationTests

  .   ____          _            __ _ _
 /\\ / ___'_ __ _ _(_)_ __  __ _ \ \ \ \
( ( )\___ | '_ | '_| | '_ \/ _` | \ \ \ \
 \\/  ___)| |_)| | | | | || (_| |  ) ) ) )
  '  |____| .__|_| |_|_| |_\__, | / / / /
 =========|_|==============|___/=/_/_/_/
 :: Spring Boot ::                (v3.1.1)

2023-07-02T23:02:18.445+07:00  INFO 14124 --- [           main] c.e.P.PapaAkBotApplicationTests          : Starting PapaAkBotApplicationTests using Java 19.0.2 with PID 14124 (started by COPMBASTER in C:\Users\COPMBASTER\Desktop\Papa_Ak_bot)
2023-07-02T23:02:18.447+07:00  INFO 14124 --- [           main] c.e.P.PapaAkBotApplicationTests          : No active profile set, falling back to 1 default profile: "default"
2023-07-02T23:02:19.287+07:00  INFO 14124 --- [           main] c.e.P.PapaAkBotApplicationTests          : Started PapaAkBotApplicationTests in 1.275 seconds (process running for 4.298)
]]></system-out>
  </testcase>
</testsuite>